[2024-11-23T05:44:04.139] [INFO] [start]服务器运行在 http://localhost:10211
[2024-11-23T05:45:19.766] [INFO] [start]服务器运行在 http://localhost:10211
[2024-11-23T05:45:31.274] [WARN] [checkAuthLog] undefined | ::1 | 请求信息不完整
[2024-11-23T05:45:40.487] [ERROR] [checkAuthLog] 62102 | ::1 | 查询的项目数据库文件不存在
[2024-11-23T05:47:40.948] [ INFO] [start]服务器运行在 http://localhost:10211
[2024-11-23T05:47:46.282] [ERROR] [checkAuthLog] 62102 | ::1 | 查询的项目数据库文件不存在
[2024-11-23T05:50:56.064] [ERROR] [checkAuthLog] 62102 | ::1 | 查询的项目数据库文件不存在
[2024-11-23T05:50:57.541] [ERROR] [checkAuthLog] 62102 | ::1 | 查询的项目数据库文件不存在
[2024-11-23T05:51:22.451] [ INFO] [start]服务器运行在 http://localhost:10211
[2024-11-23T05:51:24.477] [ERROR] [checkAuthLog] 62102 | ::1 | 查询的项目数据库文件不存在
[2024-11-23T05:51:25.284] [ERROR] [checkAuthLog] 62102 | ::1 | 查询的项目数据库文件不存在
[2024-11-23T05:52:06.171] [ INFO] [start]服务器运行在 http://localhost:10211
[2024-11-23T05:52:08.901] [ERROR] [checkAuthLog] 62102 | ::1 | 查询的项目数据库文件不存在
[2024-11-23T05:53:07.490] [ INFO] [start]服务器运行在 http://localhost:10211
[2024-11-23T05:53:10.407] [ERROR] [checkAuthLog] 62102 | ::1 | 查询的项目数据库文件不存在
[2024-11-23T05:54:01.317] [ INFO] [start]服务器运行在 http://localhost:10211
[2024-11-23T05:54:39.462] [ INFO] [start]服务器运行在 http://localhost:10211
[2024-11-23T05:56:44.579] [ INFO] [searchAuthLog] 62102 | ::1 | 123 | 搜索授权码成功 123 - 123
[2024-11-23T05:56:44.582] [ INFO] [checkAuthLog] 62102 | ::1 | 123 | 搜索授权码成功 123 - 123
[2024-11-23T06:01:30.874] [ INFO] [start]服务器运行在 http://localhost:10211
[2024-11-23T06:01:32.595] [ INFO] [searchAuthLog] 62102 | ::1 | 123 | 搜索授权码成功 123 - 123
[2024-11-23T06:01:32.597] [ INFO] [checkAuthLog] 62102 | ::1 | 123 | 搜索授权码成功 123 - 123
[2024-11-23T06:01:37.619] [ INFO] [searchAuthLog] 62102 | ::1 | 1232 | 未分配授权码
[2024-11-23T06:09:45.659] [ INFO] [start]服务器运行在 http://localhost:10211
[2024-11-23T06:10:32.101] [ WARN] [checkAuthLog] undefined | ::1 | 请求信息不完整
[2024-11-23T06:11:23.971] [ INFO] [start]服务器运行在 http://localhost:10211
[2024-11-23T06:11:25.557] [ WARN] [checkAuthLog] undefined | ::1 | 请求信息不完整
[2024-11-23T06:11:26.999] [ WARN] [checkAuthLog] undefined | ::1 | 请求信息不完整
[2024-11-23T06:12:08.561] [ INFO] [start]服务器运行在 http://localhost:10211
[2024-11-23T06:12:10.245] [ WARN] [checkAuthLog] undefined | ::1 | 请求信息不完整
[2024-11-23T06:12:41.091] [ INFO] [start]服务器运行在 http://localhost:10211
[2024-11-23T06:12:42.410] [ WARN] [checkAuthLog] undefined | ::1 | 请求信息不完整
[2024-11-23T06:13:23.285] [ INFO] [start]服务器运行在 http://localhost:10211
[2024-11-23T06:13:25.027] [ WARN] [checkAuthLog] undefined | ::1 | 请求信息不完整
[2024-11-23T06:25:37.410] [ INFO] [start]服务器运行在 http://localhost:10211
